<?xml version="1.0" encoding="UTF-8"?>
<!-- Generated by org.testng.reporters.JUnitReportReporter -->
<testsuite skipped="0" hostname="TRANTOR262" name="tests.LoginTest" tests="1" failures="0" timestamp="18 Apr 2018 07:51:12 GMT" time="2.604" errors="0">
  <testcase name="verifylogin" time="2.604" classname="tests.LoginTest"/>
</testsuite> <!-- tests.LoginTest -->
